<?xml version="1.0" encoding="UTF-8"?>
<!-- Generated by org.testng.reporters.JUnitXMLReporter -->
<testsuite ignored="3" hostname="DESKTOP-7IBLOSE" failures="0" tests="1" name="Default test" time="10.292" errors="0" timestamp="2023-04-25T17:30:51 IST">
  <testcase classname="test.Swaglabapplication" name="verifyIfCustomerAbleToCheckoutOrder" time="3.494"/>
  <testcase classname="test.Swaglabapplication" name="verifyIfCustomerAbleToRemoveProductFromCart" time="0.0">
    <ignored/>
  </testcase> <!-- verifyIfCustomerAbleToRemoveProductFromCart -->
  <testcase classname="test.Swaglabapplication" name="verifyIfCustomerAbleToAddProductToCart" time="0.0">
    <ignored/>
  </testcase> <!-- verifyIfCustomerAbleToAddProductToCart -->
  <testcase classname="test.Swaglabapplication" name="verifyIfCustomerAddMultipleProductOnCart" time="0.0">
    <ignored/>
  </testcase> <!-- verifyIfCustomerAddMultipleProductOnCart -->
</testsuite> <!-- Default test -->
