<?xml version="1.0" encoding="UTF-8"?>
<testng-results ignored="3" total="4" passed="1" failed="0" skipped="0">
  <reporter-output>
  </reporter-output>
  <suite started-at="2023-04-25T17:30:41 IST" name="Default suite" finished-at="2023-04-25T17:30:51 IST" duration-ms="10292">
    <groups>
    </groups>
    <test started-at="2023-04-25T17:30:41 IST" name="Default test" finished-at="2023-04-25T17:30:51 IST" duration-ms="10292">
      <class name="test.Swaglabapplication">
        <test-method is-config="true" signature="setUpReports()[pri:0, instance:test.Swaglabapplication@202b0582]" started-at="2023-04-25T17:30:41 IST" name="setUpReports" finished-at="2023-04-25T17:30:41 IST" duration-ms="411" status="PASS">
          <reporter-output>
          </reporter-output>
        </test-method> <!-- setUpReports -->
        <test-method is-config="true" signature="launchBrowser()[pri:0, instance:test.Swaglabapplication@202b0582]" started-at="2023-04-25T17:30:43 IST" name="launchBrowser" finished-at="2023-04-25T17:30:47 IST" duration-ms="4650" status="PASS">
          <reporter-output>
          </reporter-output>
        </test-method> <!-- launchBrowser -->
        <test-method signature="verifyIfCustomerAbleToCheckoutOrder(java.lang.String,java.lang.String)[pri:0, instance:test.Swaglabapplication@202b0582]" started-at="2023-04-25T17:30:47 IST" name="verifyIfCustomerAbleToCheckoutOrder" data-provider="LoginData" finished-at="2023-04-25T17:30:51 IST" duration-ms="3494" status="PASS">
          <params>
            <param index="0">
              <value>
                <![CDATA[standard_user]]>
              </value>
            </param>
            <param index="1">
              <value>
                <![CDATA[secret_sauce]]>
              </value>
            </param>
          </params>
          <reporter-output>
          </reporter-output>
        </test-method> <!-- verifyIfCustomerAbleToCheckoutOrder -->
        <test-method is-config="true" signature="getResult(org.testng.ITestResult)[pri:0, instance:test.Swaglabapplication@202b0582]" started-at="2023-04-25T17:30:51 IST" name="getResult" finished-at="2023-04-25T17:30:51 IST" duration-ms="13" status="PASS">
          <params>
            <param index="0">
              <value>
                <![CDATA[[TestResult name=verifyIfCustomerAbleToCheckoutOrder status=SUCCESS method=Swaglabapplication.verifyIfCustomerAbleToCheckoutOrder(java.lang.String,java.lang.String)[pri:0, instance:test.Swaglabapplication@202b0582] output={null}]]]>
              </value>
            </param>
          </params>
          <reporter-output>
          </reporter-output>
        </test-method> <!-- getResult -->
        <test-method is-config="true" signature="getReports()[pri:0, instance:test.Swaglabapplication@202b0582]" started-at="2023-04-25T17:30:51 IST" name="getReports" finished-at="2023-04-25T17:30:51 IST" duration-ms="539" status="PASS">
          <reporter-output>
          </reporter-output>
        </test-method> <!-- getReports -->
      </class> <!-- test.Swaglabapplication -->
    </test> <!-- Default test -->
  </suite> <!-- Default suite -->
</testng-results>
